<?xml version="1.0" encoding="UTF-8"?>
<!-- Generated by org.testng.reporters.JUnitXMLReporter -->
<testsuite hostname="bhargav" ignored="0" name="Test" tests="4" failures="0" timestamp="2020-04-12T20:49:19 IST" time="77.5" errors="0">
  <testcase name="login" time="17.069" classname="runner.TestRunner"/>
  <testcase name="login" time="19.394" classname="runner.TestRunner1"/>
  <testcase name="login" time="20.753" classname="runner.TestRunner2"/>
  <testcase name="login" time="19.701" classname="runner.TestRunner3"/>
</testsuite> <!-- Test -->
