<?xml version="1.0" encoding="UTF-8"?>
<testng-results skipped="0" failed="0" ignored="0" total="1" passed="1">
  <reporter-output>
  </reporter-output>
  <suite name="Default suite" duration-ms="23065" started-at="2020-04-12T16:33:20 IST" finished-at="2020-04-12T16:33:43 IST">
    <groups>
    </groups>
    <test name="Default test" duration-ms="23065" started-at="2020-04-12T16:33:20 IST" finished-at="2020-04-12T16:33:43 IST">
      <class name="runner.TestRunner1">
        <test-method status="PASS" signature="setUP()[pri:0, instance:runner.TestRunner1@33c7e1bb]" name="setUP" is-config="true" duration-ms="317" started-at="2020-04-12T16:33:20 IST" finished-at="2020-04-12T16:33:20 IST">
          <reporter-output>
          </reporter-output>
        </test-method> <!-- setUP -->
        <test-method status="PASS" signature="login(cucumber.api.testng.CucumberFeatureWrapper)[pri:0, instance:runner.TestRunner1@33c7e1bb]" name="login" duration-ms="22581" started-at="2020-04-12T16:33:20 IST" description="search" data-provider="features" finished-at="2020-04-12T16:33:43 IST">
          <params>
            <param index="0">
              <value>
                <![CDATA[check the system user details]]>
              </value>
            </param>
          </params>
          <reporter-output>
          </reporter-output>
        </test-method> <!-- login -->
        <test-method status="PASS" signature="tearDown()[pri:0, instance:runner.TestRunner1@33c7e1bb]" name="tearDown" is-config="true" duration-ms="20" started-at="2020-04-12T16:33:43 IST" finished-at="2020-04-12T16:33:43 IST">
          <reporter-output>
          </reporter-output>
        </test-method> <!-- tearDown -->
      </class> <!-- runner.TestRunner1 -->
    </test> <!-- Default test -->
  </suite> <!-- Default suite -->
</testng-results>
